Wirelength 218811
Blocks
sb0 177 67 43 33 0
sb1 349 56 65 37 0
sb2 57 213 53 34 0
sb3 103 0 37 67 0
sb4 38 249 29 19 1
sb5 253 129 39 49 0
sb6 358 328 40 18 1
sb7 158 248 22 40 0
sb8 96 248 50 62 1
sb9 130 67 16 41 0
sb10 127 337 18 52 0
sb11 53 298 39 59 1
sb12 270 0 61 28 1
sb13 82 67 48 57 0
sb14 0 337 63 43 0
sb15 402 219 59 52 1
sb16 240 312 36 57 0
sb17 311 212 44 66 0
sb18 161 0 48 51 0
sb19 146 51 31 50 0
sb20 110 211 37 19 1
sb21 63 337 64 50 0
sb22 180 251 49 34 0
sb23 306 366 20 49 0
sb24 276 312 45 28 0
sb25 197 373 54 39 0
sb26 159 156 55 40 1
sb27 228 111 25 65 0
sb28 375 393 39 46 0
sb29 260 67 24 62 0
sb30 59 387 24 26 0
sb31 188 285 26 34 1
sb32 0 291 43 53 1
sb33 327 177 22 35 0
sb34 199 153 27 54 0
sb35 134 298 31 38 1
sb36 298 0 39 67 0
sb37 344 114 20 60 0
sb38 136 108 23 57 0
sb39 27 61 52 55 1
sb40 306 340 26 29 1
sb41 159 101 27 55 0
sb42 0 113 62 53 0
sb43 16 0 61 46 1
sb44 284 67 65 47 0
sb45 229 251 23 44 0
sb46 112 298 39 22 1
sb47 226 178 65 33 0
sb48 0 222 57 27 0
sb49 392 154 47 65 0
sb50 309 278 67 32 0
sb51 191 412 38 57 1
sb52 87 406 54 45 0
sb53 140 0 43 21 1
sb54 321 310 18 61 1
sb55 145 329 34 56 0
sb56 83 389 17 63 1
sb57 107 164 18 47 0
sb58 125 165 46 34 1
sb59 141 406 50 37 0
sb60 335 328 40 23 1
sb61 349 174 33 23 1
sb62 251 211 60 19 0
sb63 382 300 36 45 1
sb64 57 166 50 47 0
sb65 0 166 57 56 0
sb66 209 0 67 61 1
sb67 220 67 44 40 1
sb68 292 114 52 63 0
sb69 0 421 54 27 0
sb70 186 111 42 42 1
sb71 284 340 64 22 1
sb72 179 312 61 61 1
sb73 364 93 61 67 1
sb74 0 249 38 42 0
sb75 337 0 19 28 0
sb76 54 421 22 33 1
sb77 376 336 66 57 0
sb78 291 178 36 32 0
sb79 62 0 60 41 1
sb80 248 412 16 58 1
sb81 62 124 40 50 1
sb82 355 219 47 57 0
sb83 172 288 22 16 1
sb84 376 278 67 22 0
sb85 372 154 20 25 0
sb86 129 211 56 37 0
sb87 57 247 39 44 0
sb88 112 124 37 24 1
sb89 0 61 38 27 1
sb90 251 369 39 33 1
sb91 356 0 56 33 1
sb92 0 0 26 16 1
sb93 252 230 65 35 1
sb94 0 380 41 59 1
sb95 146 385 51 19 0
sb96 185 211 40 66 1
sb97 222 295 17 67 1
sb98 287 230 22 62 0
sb99 326 368 49 66 0
