Wirelength 245670
Blocks
sb0 165 275 43 33 0
sb1 200 369 65 37 0
sb2 70 250 53 34 0
sb3 213 61 37 67 0
sb4 275 293 29 19 0
sb5 305 164 39 49 1
sb6 240 154 40 18 1
sb7 204 128 22 40 1
sb8 136 0 50 62 0
sb9 70 156 16 41 0
sb10 263 233 18 52 0
sb11 49 211 39 59 1
sb12 305 0 61 28 1
sb13 74 61 48 57 0
sb14 64 328 63 43 0
sb15 379 324 59 52 0
sb16 313 62 36 57 0
sb17 59 284 44 66 1
sb18 258 312 48 51 0
sb19 257 406 31 50 1
sb20 145 238 37 19 1
sb21 0 328 64 50 0
sb22 0 213 49 34 0
sb23 86 156 20 49 0
sb24 122 62 45 28 1
sb25 368 252 54 39 0
sb26 273 67 55 40 1
sb27 404 0 25 65 0
sb28 312 122 39 46 1
sb29 333 0 24 62 0
sb30 244 128 24 26 0
sb31 44 250 26 34 0
sb32 27 158 43 53 0
sb33 349 62 22 35 0
sb34 177 100 27 54 0
sb35 182 62 31 38 0
sb36 266 0 39 67 0
sb37 281 233 20 60 0
sb38 250 67 23 57 0
sb39 87 388 52 55 0
sb40 353 324 26 29 0
sb41 0 158 27 55 0
sb42 124 149 62 53 1
sb43 56 0 61 46 1
sb44 372 205 65 47 0
sb45 307 324 23 44 0
sb46 123 238 39 22 1
sb47 181 206 65 33 0
sb48 124 211 57 27 0
sb49 358 97 47 65 1
sb50 190 406 67 32 0
sb51 66 118 38 57 1
sb52 209 239 54 45 0
sb53 179 358 43 21 1
sb54 205 308 18 61 0
sb55 306 290 34 56 1
sb56 83 371 17 63 1
sb57 106 156 18 47 0
sb58 102 0 46 34 1
sb59 168 308 50 37 1
sb60 125 277 40 23 0
sb61 330 324 33 23 1
sb62 246 214 60 19 0
sb63 164 239 36 45 1
sb64 258 164 50 47 1
sb65 0 0 57 56 1
sb66 307 368 67 61 1
sb67 268 124 44 40 0
sb68 177 154 52 63 1
sb69 0 415 54 27 0
sb70 265 363 42 42 1
sb71 368 376 64 22 1
sb72 186 0 61 61 1
sb73 374 144 61 67 1
sb74 139 107 38 42 0
sb75 247 0 19 28 0
sb76 54 416 22 33 1
sb77 0 101 66 57 0
sb78 150 62 36 32 1
sb79 127 308 60 41 1
sb80 304 274 16 58 1
sb81 24 61 40 50 1
sb82 357 0 47 57 0
sb83 108 203 22 16 1
sb84 301 252 67 22 0
sb85 354 161 20 25 0
sb86 0 378 56 37 0
sb87 0 247 39 44 1
sb88 0 57 37 24 1
sb89 56 378 38 27 1
sb90 146 368 39 33 1
sb91 362 291 56 33 0
sb92 123 107 26 16 1
sb93 223 302 65 35 1
sb94 0 286 41 59 1
sb95 139 407 51 19 0
sb96 390 376 40 66 0
sb97 208 285 17 67 1
sb98 422 252 22 62 0
sb99 306 203 49 66 1
