Wirelength 470702
Blocks
sb0 303 254 36 16 0
sb1 118 0 19 39 1
sb2 0 347 41 35 0
sb3 384 345 18 47 0
sb4 222 0 26 32 0
sb5 305 270 35 31 1
sb6 179 33 29 13 0
sb7 185 94 28 21 1
sb8 259 255 32 15 0
sb9 27 234 46 34 0
sb10 187 185 45 32 1
sb11 73 243 14 36 1
sb12 96 200 36 42 1
sb13 118 391 48 45 1
sb14 141 323 15 25 1
sb15 197 393 45 46 0
sb16 333 143 18 22 1
sb17 159 290 33 26 0
sb18 163 393 34 19 1
sb19 150 379 30 12 0
sb20 318 389 28 33 0
sb21 305 210 44 39 1
sb22 41 347 26 39 0
sb23 261 215 40 25 1
sb24 113 375 25 15 0
sb25 398 136 36 36 0
sb26 61 0 43 25 0
sb27 262 42 34 15 0
sb28 234 105 46 38 0
sb29 224 177 12 37 1
sb30 306 140 17 27 1
sb31 225 333 37 16 1
sb32 74 287 23 32 0
sb33 170 341 18 36 0
sb34 349 0 19 38 0
sb35 324 308 15 33 0
sb36 347 161 28 12 1
sb37 218 102 16 21 0
sb38 346 38 33 26 1
sb39 44 25 30 42 0
sb40 314 341 28 41 0
sb41 296 42 16 16 0
sb42 89 120 19 44 0
sb43 312 33 40 34 1
sb44 277 188 27 16 1
sb45 76 83 14 37 0
sb46 0 215 48 15 0
sb47 104 0 23 14 1
sb48 336 282 24 26 0
sb49 36 99 40 31 0
sb50 98 55 33 42 1
sb51 179 46 27 48 0
sb52 0 230 27 37 0
sb53 43 386 17 18 0
sb54 355 143 43 16 0
sb55 212 333 13 46 0
sb56 238 273 22 25 0
sb57 160 53 19 48 0
sb58 240 232 19 41 0
sb59 243 358 46 46 0
sb60 263 404 30 35 0
sb61 313 161 33 34 1
sb62 0 131 37 45 1
sb63 0 268 15 35 1
sb64 18 168 47 48 1
sb65 275 270 30 33 0
sb66 154 130 31 31 0
sb67 45 130 44 37 0
sb68 0 96 35 24 1
sb69 286 215 19 38 0
sb70 91 164 36 14 1
sb71 346 389 42 34 1
sb72 341 110 34 33 0
sb73 152 341 18 38 0
sb74 227 143 29 18 0
sb75 125 339 23 27 1
sb76 222 161 14 12 0
sb77 373 270 24 16 0
sb78 302 97 26 43 0
sb79 0 287 19 37 1
sb80 248 42 14 15 0
sb81 97 287 32 20 1
sb82 304 0 32 33 0
sb83 187 230 19 37 0
sb84 401 65 43 37 1
sb85 402 308 48 37 1
sb86 360 286 24 24 1
sb87 368 0 45 19 0
sb88 373 65 28 43 0
sb89 24 96 12 35 0
sb90 241 334 45 24 0
sb91 0 68 44 28 0
sb92 117 299 42 24 0
sb93 0 386 43 21 0
sb94 48 215 15 16 1
sb95 140 232 36 25 1
sb96 66 167 25 45 0
sb97 286 332 25 28 1
sb98 236 161 16 26 1
sb99 206 296 37 20 1
sb100 166 316 27 25 0
sb101 243 57 40 48 0
sb102 410 235 25 38 0
sb103 44 67 32 32 0
sb104 82 406 36 25 0
sb105 117 268 42 31 0
sb106 206 232 34 39 0
sb107 309 194 45 16 0
sb108 339 308 33 12 1
sb109 138 362 12 22 0
sb110 0 45 44 23 0
sb111 336 0 18 13 1
sb112 0 168 18 46 0
sb113 375 108 43 28 0
sb114 35 268 39 19 0
sb115 0 407 37 30 0
sb116 185 123 37 42 1
sb117 45 303 24 37 0
sb118 391 196 39 35 1
sb119 336 73 24 36 0
sb120 228 57 15 45 0
sb121 380 392 32 45 0
sb122 74 257 43 30 0
sb123 397 235 13 35 0
sb124 360 71 13 39 0
sb125 159 272 18 28 1
sb126 74 25 38 28 0
sb127 392 172 24 22 1
sb128 289 357 36 25 1
sb129 372 19 44 46 0
sb130 0 0 44 45 0
sb131 140 53 36 20 1
sb132 268 147 38 16 0
sb133 291 253 14 12 1
sb134 112 323 29 16 0
sb135 182 393 15 37 0
sb136 157 0 24 19 0
sb137 260 312 22 18 1
sb138 76 53 30 22 1
sb139 359 159 33 31 0
sb140 256 143 12 16 0
sb141 204 271 25 34 1
sb142 278 305 27 46 1
sb143 108 123 46 44 0
sb144 160 101 25 29 0
sb145 115 89 45 34 0
sb146 79 373 33 34 1
sb147 84 212 12 31 0
sb148 44 0 17 25 0
sb149 384 286 22 22 0
sb150 328 109 13 30 0
sb151 261 188 16 27 0
sb152 105 167 33 33 1
sb153 184 173 40 12 0
sb154 342 345 42 44 0
sb155 100 361 12 13 1
sb156 248 0 19 42 0
sb157 180 161 42 12 0
sb158 163 161 28 17 1
sb159 188 341 24 36 0
sb160 206 85 12 36 0
sb161 282 163 19 31 1
sb162 192 267 30 12 1
sb163 344 224 46 47 1
sb164 112 23 32 27 1
sb165 181 0 41 33 0
sb166 113 339 36 12 1
sb167 180 379 47 14 0
sb168 138 167 37 25 1
sb169 138 204 46 28 0
sb170 37 407 22 45 1
sb171 226 298 35 34 1
sb172 90 88 31 25 1
sb173 280 105 42 22 1
sb174 262 163 25 20 1
sb175 339 270 34 12 0
sb176 293 182 20 16 1
sb177 242 404 21 31 0
sb178 227 370 20 16 1
sb179 0 306 45 41 0
sb180 60 386 19 21 0
sb181 260 270 15 42 0
sb182 67 361 33 12 0
sb183 37 287 37 16 0
sb184 64 215 20 19 0
sb185 193 297 13 44 0
sb186 283 57 13 48 0
sb187 312 73 22 24 1
sb188 208 33 24 40 1
sb189 109 236 31 20 0
sb190 354 190 37 34 0
sb191 267 0 42 37 1
sb192 206 57 22 28 0
sb193 69 319 42 43 1
sb194 219 189 42 43 0
sb195 293 393 25 36 0
sb196 296 58 39 16 1
sb197 351 310 47 35 0
sb198 165 232 22 40 0
sb199 139 19 34 40 1
