Wirelength 459809
Blocks
sb0 221 108 36 16 0
sb1 332 229 19 39 0
sb2 36 234 41 35 1
sb3 251 229 18 47 1
sb4 158 299 26 32 0
sb5 314 361 35 31 0
sb6 167 381 29 13 1
sb7 49 278 28 21 0
sb8 30 291 32 15 1
sb9 229 347 46 34 1
sb10 129 132 45 32 0
sb11 301 392 14 36 0
sb12 121 215 36 42 0
sb13 38 117 48 45 1
sb14 0 423 15 25 0
sb15 251 274 45 46 0
sb16 222 325 18 22 0
sb17 306 133 33 26 1
sb18 47 339 34 19 1
sb19 37 0 30 12 0
sb20 275 201 28 33 1
sb21 351 229 44 39 0
sb22 315 302 26 39 0
sb23 81 165 40 25 0
sb24 189 413 25 15 1
sb25 0 234 36 36 0
sb26 23 92 43 25 0
sb27 100 388 34 15 1
sb28 71 232 46 38 1
sb29 109 223 12 37 0
sb30 256 320 17 27 0
sb31 142 305 37 16 1
sb32 0 89 23 32 0
sb33 332 142 18 36 1
sb34 363 268 19 38 1
sb35 36 396 15 33 1
sb36 395 351 28 12 1
sb37 28 275 16 21 1
sb38 175 63 33 26 0
sb39 273 323 30 42 1
sb40 317 104 28 41 1
sb41 205 108 16 16 0
sb42 420 166 19 44 0
sb43 102 305 40 34 0
sb44 368 142 27 16 0
sb45 76 55 14 37 0
sb46 269 118 48 15 0
sb47 204 413 23 14 1
sb48 167 25 24 26 0
sb49 132 89 40 31 1
sb50 68 355 33 42 1
sb51 39 419 27 48 1
sb52 263 353 27 37 0
sb53 229 47 17 18 0
sb54 360 287 43 16 1
sb55 163 198 13 46 0
sb56 218 413 22 25 1
sb57 341 286 19 48 0
sb58 198 232 19 41 1
sb59 83 117 46 46 1
sb60 246 33 30 35 0
sb61 43 58 33 34 0
sb62 45 302 37 45 1
sb63 362 58 15 35 0
sb64 394 36 47 48 0
sb65 238 0 30 33 0
sb66 69 388 31 31 0
sb67 401 273 44 37 0
sb68 0 199 35 24 0
sb69 363 332 19 38 1
sb70 245 68 36 14 1
sb71 202 251 42 34 1
sb72 165 165 34 33 0
sb73 344 58 18 38 0
sb74 334 268 29 18 0
sb75 248 247 23 27 0
sb76 105 339 14 12 1
sb77 33 166 24 16 1
sb78 395 140 26 43 1
sb79 184 299 19 37 0
sb80 102 422 14 15 0
sb81 49 165 32 20 0
sb82 276 167 32 33 0
sb83 243 412 19 37 0
sb84 208 65 43 37 1
sb85 315 392 48 37 1
sb86 347 160 24 24 0
sb87 401 254 45 19 0
sb88 289 39 28 43 1
sb89 0 363 12 35 0
sb90 198 208 45 24 0
sb91 35 190 44 28 1
sb92 67 31 42 24 0
sb93 0 68 43 21 0
sb94 87 422 15 16 0
sb95 131 383 36 25 0
sb96 376 287 25 45 0
sb97 117 342 25 28 1
sb98 203 293 16 26 0
sb99 0 0 37 20 0
sb100 66 92 27 25 0
sb101 0 20 40 48 0
sb102 121 164 25 38 0
sb103 219 293 32 32 1
sb104 366 184 36 25 1
sb105 349 359 42 31 0
sb106 304 0 34 39 0
sb107 22 121 45 16 1
sb108 257 104 33 12 1
sb109 167 413 12 22 1
sb110 24 373 44 23 0
sb111 124 55 18 13 0
sb112 358 96 18 46 0
sb113 352 390 43 28 0
sb114 308 166 39 19 0
sb115 185 336 37 30 0
sb116 338 0 37 42 0
sb117 290 353 24 37 0
sb118 93 79 39 35 0
sb119 77 278 24 36 1
sb120 184 366 15 45 1
sb121 180 381 32 45 1
sb122 0 291 43 30 1
sb123 331 67 13 35 0
sb124 66 342 13 39 1
sb125 0 270 18 28 1
sb126 296 274 38 28 0
sb127 15 423 24 22 0
sb128 268 0 36 25 0
sb129 401 210 44 46 1
sb130 271 73 44 45 0
sb131 383 0 36 20 1
sb132 191 47 38 16 0
sb133 239 232 14 12 1
sb134 115 383 29 16 1
sb135 242 124 15 37 0
sb136 371 158 24 19 0
sb137 184 277 22 18 1
sb138 154 277 30 22 0
sb139 174 132 33 31 1
sb140 90 55 12 16 0
sb141 205 124 25 34 0
sb142 40 12 27 46 0
sb143 308 185 46 44 0
sb144 0 334 25 29 0
sb145 298 229 45 34 1
sb146 142 55 33 34 0
sb147 12 363 12 31 0
sb148 346 334 17 25 0
sb149 25 339 22 22 0
sb150 132 408 13 30 0
sb151 110 367 16 27 1
sb152 0 166 33 33 0
sb153 90 302 40 12 1
sb154 63 190 42 44 1
sb155 332 42 12 13 0
sb156 225 393 19 42 1
sb157 354 184 42 12 1
sb158 377 58 28 17 1
sb159 109 31 24 36 1
sb160 230 124 12 36 0
sb161 67 0 19 31 1
sb162 257 137 30 12 1
sb163 192 0 46 47 0
sb164 243 201 32 27 0
sb165 157 244 41 33 0
sb166 236 251 36 12 1
sb167 137 367 47 14 0
sb168 395 166 37 25 1
sb169 411 84 46 28 1
sb170 0 121 22 45 0
sb171 241 167 35 34 0
sb172 161 0 31 25 0
sb173 176 198 42 22 1
sb174 271 247 25 20 0
sb175 259 68 34 12 1
sb176 116 412 20 16 1
sb177 98 0 21 31 0
sb178 240 325 20 16 1
sb179 113 260 45 41 1
sb180 296 302 19 21 0
sb181 119 0 15 42 1
sb182 107 190 33 12 1
sb183 315 67 37 16 1
sb184 146 164 20 19 1
sb185 119 202 13 44 1
sb186 276 25 13 48 0
sb187 102 55 22 24 0
sb188 145 342 24 40 1
sb189 315 341 31 20 0
sb190 269 133 37 34 0
sb191 407 310 42 37 1
sb192 145 25 22 28 0
sb193 163 89 42 43 0
sb194 199 165 42 43 0
sb195 0 398 25 36 1
sb196 344 42 39 16 0
sb197 376 93 47 35 1
sb198 145 408 22 40 0
sb199 267 390 34 40 0
