Wirelength 655131
Blocks
sb0 232 418 27 15 1
sb1 45 431 27 16 0
sb2 69 82 22 26 0
sb3 491 290 21 45 0
sb4 0 172 40 45 1
sb5 112 469 16 26 0
sb6 45 172 38 27 1
sb7 430 79 35 29 0
sb8 363 311 21 36 1
sb9 420 434 44 25 0
sb10 289 433 15 31 1
sb11 203 0 41 24 1
sb12 151 138 17 19 1
sb13 204 95 33 48 0
sb14 491 246 44 21 1
sb15 401 77 34 15 1
sb16 22 450 45 42 0
sb17 0 37 41 37 0
sb18 293 448 43 44 1
sb19 62 358 36 23 1
sb20 132 361 13 17 0
sb21 31 100 28 44 0
sb22 447 251 35 29 1
sb23 529 362 40 17 1
sb24 478 367 18 24 1
sb25 186 457 29 43 1
sb26 348 394 27 18 1
sb27 453 396 38 40 1
sb28 351 304 24 12 1
sb29 0 141 29 30 0
sb30 240 251 20 28 0
sb31 253 485 32 36 0
sb32 478 78 19 22 0
sb33 100 0 45 46 0
sb34 360 332 29 12 0
sb35 275 106 12 26 0
sb36 159 458 27 30 0
sb37 410 48 12 29 0
sb38 286 63 21 19 1
sb39 256 406 12 13 0
sb40 34 327 19 47 0
sb41 366 394 36 19 0
sb42 300 244 46 25 0
sb43 0 74 39 21 0
sb44 65 311 27 24 0
sb45 361 535 24 25 0
sb46 389 335 19 13 0
sb47 422 0 42 40 1
sb48 392 459 28 34 0
sb49 505 427 24 48 0
sb50 130 392 19 14 1
sb51 331 330 14 16 1
sb52 467 41 37 18 1
sb53 174 405 36 12 0
sb54 212 279 30 34 0
sb55 128 462 26 31 1
sb56 0 95 46 31 1
sb57 375 0 47 48 0
sb58 485 41 25 25 0
sb59 210 368 47 38 0
sb60 386 198 39 16 0
sb61 217 207 31 45 1
sb62 365 64 46 36 1
sb63 386 215 36 46 1
sb64 515 207 33 15 1
sb65 417 335 13 23 1
sb66 72 151 42 45 1
sb67 416 78 14 33 0
sb68 0 227 28 45 0
sb69 422 42 36 27 1
sb70 192 239 16 45 1
sb71 352 167 34 32 0
sb72 181 417 32 15 1
sb73 210 406 12 46 1
sb74 250 451 43 34 0
sb75 182 517 20 37 0
sb76 227 0 39 36 1
sb77 400 111 40 18 1
sb78 66 134 42 16 0
sb79 279 298 40 25 0
sb80 140 426 36 15 1
sb81 112 437 15 32 0
sb82 384 251 39 24 0
sb83 462 0 37 41 0
sb84 237 106 34 38 1
sb85 176 362 34 43 0
sb86 117 155 39 44 1
sb87 172 191 45 48 0
sb88 183 317 29 44 0
sb89 0 307 20 42 1
sb90 354 110 46 24 0
sb91 122 309 43 21 0
sb92 468 103 45 47 1
sb93 423 251 20 24 1
sb94 136 194 31 19 1
sb95 242 279 44 37 1
sb96 364 348 46 33 1
sb97 476 246 40 15 1
sb98 85 266 13 35 0
sb99 72 431 40 17 0
sb100 28 212 44 45 1
sb101 411 275 30 36 0
sb102 43 0 40 36 1
sb103 102 194 34 34 0
sb104 488 475 42 14 0
sb105 275 522 35 33 1
sb106 260 267 12 33 1
sb107 294 47 32 15 0
sb108 63 394 37 38 1
sb109 41 40 42 46 1
sb110 410 154 39 42 1
sb111 0 523 13 21 1
sb112 92 309 30 25 0
sb113 120 517 36 24 0
sb114 473 508 34 44 0
sb115 385 526 34 22 1
sb116 101 529 28 19 1
sb117 0 404 39 21 0
sb118 308 166 44 38 0
sb119 337 61 28 45 0
sb120 161 155 36 36 1
sb121 512 246 34 38 1
sb122 418 111 43 20 1
sb123 250 83 23 36 1
sb124 135 330 31 35 1
sb125 452 149 46 42 0
sb126 220 418 22 12 1
sb127 92 109 25 43 1
sb128 212 313 44 28 1
sb129 425 193 34 22 0
sb130 156 517 30 26 1
sb131 259 323 48 45 0
sb132 498 148 18 39 1
sb133 402 366 15 43 0
sb134 85 358 34 47 1
sb135 252 162 45 15 1
sb136 158 266 37 12 0
sb137 28 256 21 28 1
sb138 337 459 42 28 0
sb139 432 215 36 37 1
sb140 336 392 12 43 0
sb141 240 323 19 45 0
sb142 263 0 27 37 0
sb143 374 134 24 25 0
sb144 530 402 15 40 0
sb145 170 317 13 45 0
sb146 348 487 48 33 1
sb147 493 385 30 42 0
sb148 397 348 18 20 1
sb149 290 0 47 22 1
sb150 285 491 23 31 0
sb151 247 433 18 42 1
sb152 476 351 16 19 1
sb153 438 108 41 30 1
sb154 130 46 22 17 1
sb155 101 392 25 14 1
sb156 33 277 28 16 1
sb157 197 159 20 25 0
sb158 42 311 23 13 0
sb159 441 508 44 32 1
sb160 486 335 27 16 0
sb161 513 316 46 47 1
sb162 31 374 31 18 0
sb163 300 207 33 22 1
sb164 508 166 36 41 0
sb165 113 495 21 17 0
sb166 49 277 34 36 1
sb167 417 396 36 37 0
sb168 399 311 24 41 1
sb169 196 418 24 39 0
sb170 73 193 29 45 0
sb171 95 334 22 40 1
sb172 168 426 27 13 1
sb173 398 493 25 32 0
sb174 201 143 43 16 0
sb175 293 269 15 16 1
sb176 346 244 33 38 1
sb177 33 496 41 37 0
sb178 155 194 17 19 0
sb179 268 387 46 34 1
sb180 472 286 19 40 0
sb181 201 62 30 28 0
sb182 326 37 45 24 0
sb183 74 496 33 39 1
sb184 440 326 46 25 0
sb185 327 106 27 34 0
sb186 0 492 31 33 1
sb187 262 207 36 38 1
sb188 308 491 37 40 1
sb189 332 344 44 12 1
sb190 335 277 37 27 0
sb191 407 525 16 34 0
sb192 154 488 29 48 1
sb193 381 493 33 17 1
sb194 320 435 28 13 0
sb195 342 0 33 13 0
sb196 267 166 41 41 0
sb197 29 144 37 28 0
sb198 257 368 48 19 0
sb199 172 0 31 36 0
sb200 0 0 43 37 0
sb201 309 269 26 29 0
sb202 284 132 34 39 1
sb203 0 212 15 28 1
sb204 112 228 41 33 0
sb205 336 304 21 15 1
sb206 217 162 42 35 1
sb207 79 238 33 28 0
sb208 134 488 27 20 1
sb209 135 102 45 36 0
sb210 465 79 13 24 0
sb211 282 47 16 12 1
sb212 436 375 21 42 1
sb213 305 62 32 14 0
sb214 510 0 17 27 0
sb215 202 529 29 21 1
sb216 417 348 42 19 1
sb217 344 344 20 48 0
sb218 91 65 43 15 1
sb219 423 459 28 18 1
sb220 312 0 30 37 0
sb221 126 261 13 45 0
sb222 323 140 34 25 0
sb223 139 266 22 19 1
sb224 0 429 45 21 0
sb225 441 470 47 38 0
sb226 371 48 39 16 0
sb227 155 426 13 32 0
sb228 79 0 21 20 0
sb229 180 93 24 48 0
sb230 0 277 30 33 1
sb231 223 529 16 30 1
sb232 53 335 42 23 0
sb233 347 328 16 13 1
sb234 423 487 33 18 1
sb235 469 224 22 46 1
sb236 153 239 27 39 1
sb237 321 535 21 40 1
sb238 530 207 27 39 0
sb239 34 533 40 22 0
sb240 231 72 23 19 1
sb241 237 238 13 24 1
sb242 244 140 22 40 1
sb243 302 388 37 34 1
sb244 189 41 37 13 0
sb245 440 351 36 24 0
sb246 106 65 23 44 0
sb247 512 280 36 39 1
sb248 145 362 43 31 1
sb249 145 0 35 27 1
sb250 0 370 31 34 0
sb251 0 327 43 34 1
sb252 355 199 19 28 0
sb253 379 459 15 13 1
sb254 127 437 24 13 1
sb255 165 278 47 39 0
sb256 226 41 21 13 1
sb257 357 134 17 33 0
sb258 129 68 44 34 0
sb259 241 485 26 12 1
sb260 459 191 19 12 1
sb261 374 199 12 45 0
sb262 300 84 27 48 0
sb263 370 413 47 46 0
sb264 195 255 45 23 0
sb265 115 392 45 15 1
sb266 67 448 45 48 0
sb267 372 277 34 39 1
sb268 348 421 22 25 0
sb269 449 42 37 18 1
sb270 56 256 23 15 0
sb271 307 330 42 24 1
sb272 39 394 24 35 0
sb273 144 405 21 30 1
sb274 59 108 33 21 0
sb275 253 521 22 28 0
sb276 170 141 31 14 0
sb277 398 151 12 47 0
sb278 287 84 13 42 0
sb279 202 486 39 43 0
sb280 0 450 31 22 1
sb281 39 82 30 18 0
sb282 252 39 44 30 1
sb283 21 533 13 15 0
sb284 229 451 30 21 1
sb285 239 39 13 33 0
sb286 464 434 36 41 1
sb287 147 36 42 21 0
sb288 173 57 28 36 0
sb289 471 191 33 37 1
sb290 305 372 16 27 1
sb291 98 266 28 43 0
sb292 261 243 24 39 1
sb293 87 46 43 19 0
sb294 319 304 17 26 0
sb295 108 138 43 13 0
sb296 74 529 16 27 1
sb297 441 286 38 31 1
sb298 322 204 33 40 0
sb299 308 528 13 13 0
