Wirelength 696859
Blocks
sb0 254 315 27 15 1
sb1 107 412 27 16 1
sb2 228 320 22 26 1
sb3 330 239 21 45 0
sb4 70 219 40 45 1
sb5 183 128 16 26 1
sb6 246 85 38 27 0
sb7 55 344 35 29 0
sb8 332 513 21 36 1
sb9 134 166 44 25 1
sb10 40 341 15 31 0
sb11 389 115 41 24 0
sb12 531 362 17 19 0
sb13 37 216 33 48 0
sb14 430 88 44 21 0
sb15 83 378 34 15 1
sb16 404 470 45 42 1
sb17 173 443 41 37 0
sb18 345 436 43 44 1
sb19 318 160 36 23 0
sb20 403 250 13 17 0
sb21 168 312 28 44 1
sb22 304 361 35 29 1
sb23 505 424 40 17 0
sb24 483 331 18 24 0
sb25 354 147 29 43 1
sb26 237 219 27 18 0
sb27 492 278 38 40 1
sb28 401 338 24 12 0
sb29 137 122 29 30 0
sb30 209 279 20 28 0
sb31 224 183 32 36 0
sb32 215 342 19 22 0
sb33 102 455 45 46 1
sb34 486 499 29 12 1
sb35 258 37 12 26 1
sb36 194 410 27 30 0
sb37 420 318 12 29 1
sb38 284 393 21 19 1
sb39 42 329 12 13 1
sb40 333 347 19 47 0
sb41 486 463 36 19 1
sb42 0 41 46 25 0
sb43 102 0 39 21 0
sb44 32 433 27 24 1
sb45 259 393 24 25 1
sb46 369 0 19 13 0
sb47 446 463 42 40 1
sb48 304 513 28 34 0
sb49 504 362 24 48 0
sb50 27 66 19 14 1
sb51 297 479 14 16 0
sb52 78 259 37 18 0
sb53 0 244 36 12 0
sb54 41 66 30 34 0
sb55 284 87 26 31 0
sb56 241 284 46 31 0
sb57 280 217 47 48 1
sb58 156 410 25 25 1
sb59 165 508 47 38 0
sb60 436 21 39 16 1
sb61 272 434 31 45 0
sb62 238 237 46 36 1
sb63 415 368 36 46 0
sb64 457 251 33 15 1
sb65 399 515 13 23 0
sb66 71 122 42 45 1
sb67 465 59 14 33 1
sb68 169 480 28 45 1
sb69 374 347 36 27 1
sb70 472 234 16 45 0
sb71 310 87 34 32 1
sb72 87 457 32 15 1
sb73 452 21 12 46 0
sb74 238 435 43 34 1
sb75 332 41 20 37 0
sb76 359 176 39 36 1
sb77 133 437 40 18 0
sb78 0 419 42 16 1
sb79 95 325 40 25 0
sb80 97 439 36 15 0
sb81 41 491 15 32 0
sb82 108 68 39 24 1
sb83 149 51 37 41 1
sb84 214 488 34 38 1
sb85 386 216 34 43 1
sb86 159 173 39 44 1
sb87 491 233 45 48 1
sb88 171 144 29 44 1
sb89 471 123 20 42 0
sb90 311 467 46 24 1
sb91 462 442 43 21 0
sb92 168 341 45 47 1
sb93 427 294 20 24 0
sb94 299 414 31 19 0
sb95 128 500 44 37 1
sb96 352 41 46 33 1
sb97 55 329 40 15 0
sb98 190 50 13 35 1
sb99 132 68 40 17 1
sb100 491 123 44 45 1
sb101 209 114 30 36 1
sb102 89 164 40 36 0
sb103 470 362 34 34 0
sb104 129 152 42 14 0
sb105 223 13 35 33 0
sb106 69 0 12 33 1
sb107 34 115 32 15 1
sb108 215 144 37 38 0
sb109 192 237 42 46 1
sb110 204 75 39 42 1
sb111 143 404 13 21 0
sb112 64 164 30 25 1
sb113 18 378 36 24 1
sb114 447 284 34 44 1
sb115 303 433 34 22 1
sb116 396 383 28 19 1
sb117 520 81 39 21 1
sb118 473 167 44 38 0
sb119 375 310 28 45 1
sb120 0 195 36 36 0
sb121 134 353 34 38 0
sb122 274 264 43 20 0
sb123 252 160 23 36 1
sb124 27 460 31 35 1
sb125 474 81 46 42 0
sb126 329 396 22 12 0
sb127 62 457 25 43 0
sb128 90 350 44 28 0
sb129 448 109 34 22 1
sb130 15 491 30 26 1
sb131 115 249 48 45 1
sb132 464 41 18 39 1
sb133 269 315 15 43 0
sb134 0 256 34 47 0
sb135 192 219 45 15 0
sb136 229 283 37 12 1
sb137 116 121 21 28 0
sb138 328 13 42 28 0
sb139 505 441 36 37 1
sb140 326 0 12 43 1
sb141 351 394 19 45 1
sb142 352 120 27 37 1
sb143 252 479 24 25 0
sb144 284 325 15 40 0
sb145 221 422 13 45 1
sb146 161 279 48 33 0
sb147 261 118 30 42 0
sb148 0 378 18 20 0
sb149 352 347 47 22 1
sb150 297 40 23 31 1
sb151 36 264 18 42 1
sb152 264 217 16 19 0
sb153 373 280 41 30 0
sb154 57 528 22 17 0
sb155 399 411 25 14 1
sb156 467 331 28 16 1
sb157 123 412 20 25 0
sb158 134 391 23 13 0
sb159 429 186 44 32 0
sb160 212 522 27 16 0
sb161 452 396 46 47 1
sb162 295 181 31 18 1
sb163 435 251 33 22 1
sb164 465 0 36 41 0
sb165 0 398 21 17 1
sb166 98 378 34 36 1
sb167 388 20 36 37 0
sb168 56 433 24 41 1
sb169 328 215 24 39 1
sb170 141 0 29 45 1
sb171 324 284 22 40 0
sb172 0 461 27 13 0
sb173 160 249 25 32 1
sb174 51 200 43 16 0
sb175 36 191 15 16 0
sb176 397 139 33 38 0
sb177 287 284 41 37 1
sb178 166 122 17 19 0
sb179 389 436 46 34 0
sb180 94 200 19 40 1
sb181 517 167 30 28 1
sb182 178 386 45 24 0
sb183 429 218 33 39 1
sb184 115 297 46 25 0
sb185 335 479 27 34 0
sb186 135 322 31 33 1
sb187 187 12 36 38 0
sb188 0 341 37 40 1
sb189 186 0 44 12 0
sb190 425 331 37 27 1
sb191 212 307 16 34 0
sb192 86 277 29 48 0
sb193 266 417 33 17 0
sb194 230 0 28 13 0
sb195 446 505 33 13 1
sb196 42 373 41 41 0
sb197 267 365 37 28 0
sb198 17 414 48 19 0
sb199 299 325 31 36 0
sb200 149 212 43 37 0
sb201 225 46 26 29 0
sb202 395 177 34 39 0
sb203 289 0 15 28 0
sb204 234 342 41 33 1
sb205 452 331 21 15 1
sb206 0 306 42 35 0
sb207 56 500 33 28 0
sb208 0 66 27 20 0
sb209 46 17 45 36 0
sb210 276 0 13 24 0
sb211 468 218 16 12 1
sb212 276 479 21 42 0
sb213 499 410 32 14 0
sb214 516 205 17 27 0
sb215 436 0 29 21 0
sb216 65 414 42 19 0
sb217 388 0 20 48 1
sb218 0 474 43 15 1
sb219 370 13 28 18 1
sb220 366 250 30 37 1
sb221 107 108 13 45 1
sb222 115 219 34 25 0
sb223 85 103 22 19 0
sb224 148 455 45 21 1
sb225 91 21 47 38 1
sb226 413 414 39 16 0
sb227 458 143 13 32 0
sb228 325 436 21 20 1
sb229 214 440 24 48 0
sb230 313 183 30 33 1
sb231 245 114 16 30 0
sb232 362 479 42 23 0
sb233 449 442 16 13 1
sb234 430 109 33 18 1
sb235 141 29 22 46 1
sb236 346 284 27 39 0
sb237 183 88 21 40 0
sb238 459 505 27 39 0
sb239 0 86 40 22 0
sb240 451 368 23 19 1
sb241 34 282 13 24 0
sb242 304 0 22 40 0
sb243 291 121 37 34 0
sb244 0 231 37 13 0
sb245 266 49 36 24 1
sb246 330 413 23 44 1
sb247 223 383 36 39 0
sb248 368 502 43 31 1
sb249 269 521 35 27 0
sb250 152 88 31 34 0
sb251 0 108 43 34 1
sb252 367 215 19 28 0
sb253 414 294 15 13 1
sb254 346 183 24 13 1
sb255 47 282 47 39 1
sb256 157 391 21 13 0
sb257 36 0 17 33 1
sb258 0 151 44 34 1
sb259 424 20 26 12 1
sb260 412 515 19 12 1
sb261 40 103 12 45 1
sb262 382 88 27 48 1
sb263 501 316 47 46 0
sb264 330 324 45 23 0
sb265 351 239 45 15 1
sb266 503 33 45 48 0
sb267 256 183 34 39 1
sb268 374 413 22 25 1
sb269 258 0 37 18 1
sb270 251 49 23 15 1
sb271 290 63 42 24 0
sb272 84 68 24 35 0
sb273 0 521 21 30 1
sb274 203 182 33 21 1
sb275 424 515 22 28 0
sb276 435 430 31 14 1
sb277 129 21 12 47 0
sb278 71 53 13 42 0
sb279 89 500 39 43 0
sb280 49 115 31 22 1
sb281 239 522 30 18 0
sb282 34 147 44 30 1
sb283 284 28 13 15 0
sb284 288 160 30 21 0
sb285 181 410 13 33 0
sb286 0 0 36 41 0
sb287 423 67 42 21 0
sb288 480 205 28 36 1
sb289 501 0 33 37 1
sb290 30 528 16 27 1
sb291 430 143 28 43 0
sb292 328 121 24 39 0
sb293 416 251 43 19 1
sb294 303 396 17 26 1
sb295 449 318 43 13 0
sb296 16 433 16 27 0
sb297 385 57 38 31 0
sb298 342 87 33 40 1
sb299 317 264 13 13 0
